<?xml version="1.0" encoding="UTF-8"?>
<!-- Generated by org.testng.reporters.JUnitXMLReporter -->
<testsuite hostname="DESKTOP-I23KGD9" ignored="0" name="Get All Employees" tests="1" failures="1" timestamp="2021-11-14T18:15:33 IST" time="15.095" errors="0">
  <testcase name="checkValidationOnBody" time="0.092" classname="testcases.TC001_Get_All_Employees">
    <failure type="java.lang.AssertionError" message="expected [true] but found [false]">
      <![CDATA[java.lang.AssertionError: expected [true] but found [false]
at testcases.TC001_Get_All_Employees.checkValidationOnBody(TC001_Get_All_Employees.java:56)
at java.util.ArrayList.forEach(ArrayList.java:1257)
... Removed 34 stack frames]]>
    </failure>
  </testcase> <!-- checkValidationOnBody -->
</testsuite> <!-- Get All Employees -->
