<?xml version="1.0" encoding="UTF-8"?>
<testsuite name="TestSuite" time="0.33" tests="5" errors="0" skipped="0" failures="1">
  <properties>
[...]
</properties>
  <testcase name="checkValidationOnBody" classname="testcases.TC001_Get_All_Employees" time="0.246">
    <failure message="expected [true] but found [false]" type="java.lang.AssertionError">java.lang.AssertionError: expected [true] but found [false]
	at org.testng.Assert.fail(Assert.java:99)
	at org.testng.Assert.failNotEquals(Assert.java:1037)
	at org.testng.Assert.assertTrue(Assert.java:45)
	at org.testng.Assert.assertTrue(Assert.java:55)
	at testcases.TC001_Get_All_Employees.checkValidationOnBody(TC001_Get_All_Employees.java:56)
</failure>
    <system-out><![CDATA[2021-11-14 18:15:18 INFO  EmployeeRestAPI:20 - ************* Started TC001_Get_All_Employees *************
2021-11-14 18:15:31 INFO  EmployeeRestAPI:31 - ************* Checking Response Body *************
2021-11-14 18:15:31 INFO  EmployeeRestAPI:33 - Response body===> {"page":2,"per_page":6,"total":12,"total_pages":2,"data":[{"id":7,"email":"michael.lawson@reqres.in","first_name":"Michael","last_name":"Lawson","avatar":"https://reqres.in/img/faces/7-image.jpg"},{"id":8,"email":"lindsay.ferguson@reqres.in","first_name":"Lindsay","last_name":"Ferguson","avatar":"https://reqres.in/img/faces/8-image.jpg"},{"id":9,"email":"tobias.funke@reqres.in","first_name":"Tobias","last_name":"Funke","avatar":"https://reqres.in/img/faces/9-image.jpg"},{"id":10,"email":"byron.fields@reqres.in","first_name":"Byron","last_name":"Fields","avatar":"https://reqres.in/img/faces/10-image.jpg"},{"id":11,"email":"george.edwards@reqres.in","first_name":"George","last_name":"Edwards","avatar":"https://reqres.in/img/faces/11-image.jpg"},{"id":12,"email":"rachel.howell@reqres.in","first_name":"Rachel","last_name":"Howell","avatar":"https://reqres.in/img/faces/12-image.jpg"}],"support":{"url":"https://reqres.in/#support-heading","text":"To keep ReqRes free, contributions towards server costs are appreciated!"}}
2021-11-14 18:15:31 INFO  EmployeeRestAPI:38 - ************* Checking Status Code *************
2021-11-14 18:15:31 INFO  EmployeeRestAPI:42 - Status code===> 200
2021-11-14 18:15:31 INFO  EmployeeRestAPI:47 - ************* Checking Response Time *************
2021-11-14 18:15:31 INFO  EmployeeRestAPI:51 - Response time===> 6379
2021-11-14 18:15:31 WARN  EmployeeRestAPI:53 - Response time is greater then 2000
]]></system-out>
  </testcase>
  <testcase name="validateSingleEmployeeData" classname="testcases.TC002_Get_SingleEmployeeData" time="0.036"/>
  <testcase name="validationsonPostRegisterData" classname="testcases.TC004_Post_RegisterData" time="0.011"/>
  <testcase name="validationOnPutUserData" classname="testcases.TC005_PUT_UpdateData" time="0.028"/>
  <testcase name="validationsonDeleteRequest" classname="testcases.TC006_Delete_UserRecord" time="0.009"/>
</testsuite>